AH00558: apache2: Could not reliably determine the server's fully qualified domain name, using 172.18.0.4. Set the 'ServerName' directive globally to suppress this message
[Thu Oct 06 12:10:46.578501 2022] [mpm_prefork:notice] [pid 1] AH00163: Apache/2.4.38 (Debian) PHP/8.1.11 OpenSSL/1.1.1n configured -- resuming normal operations
[Thu Oct 06 12:10:46.578564 2022] [core:notice] [pid 1] AH00094: Command line: 'apache2 -D FOREGROUND'
[Thu Oct 06 12:14:44.939850 2022] [mpm_prefork:notice] [pid 1] AH00170: caught SIGWINCH, shutting down gracefully
AH00558: apache2: Could not reliably determine the server's fully qualified domain name, using 172.18.0.4. Set the 'ServerName' directive globally to suppress this message
[Thu Oct 06 12:15:02.309109 2022] [mpm_prefork:notice] [pid 1] AH00163: Apache/2.4.38 (Debian) PHP/8.1.11 OpenSSL/1.1.1n configured -- resuming normal operations
[Thu Oct 06 12:15:02.309175 2022] [core:notice] [pid 1] AH00094: Command line: 'apache2 -D FOREGROUND'
[Thu Oct 06 12:15:43.996077 2022] [mpm_prefork:notice] [pid 1] AH00170: caught SIGWINCH, shutting down gracefully
AH00558: apache2: Could not reliably determine the server's fully qualified domain name, using 172.18.10.4. Set the 'ServerName' directive globally to suppress this message
[Thu Oct 06 12:15:52.745642 2022] [mpm_prefork:notice] [pid 1] AH00163: Apache/2.4.38 (Debian) PHP/8.1.11 OpenSSL/1.1.1n configured -- resuming normal operations
[Thu Oct 06 12:15:52.745710 2022] [core:notice] [pid 1] AH00094: Command line: 'apache2 -D FOREGROUND'
[Thu Oct 06 13:35:24.196941 2022] [mpm_prefork:notice] [pid 1] AH00170: caught SIGWINCH, shutting down gracefully
AH00558: apache2: Could not reliably determine the server's fully qualified domain name, using 172.18.10.4. Set the 'ServerName' directive globally to suppress this message
[Thu Oct 06 13:35:36.167520 2022] [mpm_prefork:notice] [pid 1] AH00163: Apache/2.4.38 (Debian) PHP/8.1.11 OpenSSL/1.1.1n configured -- resuming normal operations
[Thu Oct 06 13:35:36.167587 2022] [core:notice] [pid 1] AH00094: Command line: 'apache2 -D FOREGROUND'
[Thu Oct 06 13:35:51.328993 2022] [mpm_prefork:notice] [pid 1] AH00170: caught SIGWINCH, shutting down gracefully
AH00558: apache2: Could not reliably determine the server's fully qualified domain name, using 172.18.10.4. Set the 'ServerName' directive globally to suppress this message
[Thu Oct 06 13:38:20.670107 2022] [mpm_prefork:notice] [pid 1] AH00163: Apache/2.4.38 (Debian) PHP/8.1.11 OpenSSL/1.1.1n configured -- resuming normal operations
[Thu Oct 06 13:38:20.670175 2022] [core:notice] [pid 1] AH00094: Command line: 'apache2 -D FOREGROUND'
[Thu Oct 06 13:39:10.417273 2022] [mpm_prefork:notice] [pid 1] AH00170: caught SIGWINCH, shutting down gracefully
AH00558: apache2: Could not reliably determine the server's fully qualified domain name, using 172.18.10.4. Set the 'ServerName' directive globally to suppress this message
[Thu Oct 06 13:40:05.638293 2022] [mpm_prefork:notice] [pid 1] AH00163: Apache/2.4.38 (Debian) PHP/8.1.11 OpenSSL/1.1.1n configured -- resuming normal operations
[Thu Oct 06 13:40:05.638358 2022] [core:notice] [pid 1] AH00094: Command line: 'apache2 -D FOREGROUND'
[Thu Oct 06 13:41:48.908752 2022] [mpm_prefork:notice] [pid 1] AH00170: caught SIGWINCH, shutting down gracefully
AH00558: apache2: Could not reliably determine the server's fully qualified domain name, using 172.18.10.4. Set the 'ServerName' directive globally to suppress this message
[Thu Oct 06 13:42:40.168441 2022] [mpm_prefork:notice] [pid 1] AH00163: Apache/2.4.38 (Debian) PHP/8.1.11 OpenSSL/1.1.1n configured -- resuming normal operations
[Thu Oct 06 13:42:40.168511 2022] [core:notice] [pid 1] AH00094: Command line: 'apache2 -D FOREGROUND'
[Fri Oct 07 13:00:32.032325 2022] [mpm_prefork:notice] [pid 1] AH00170: caught SIGWINCH, shutting down gracefully
